<?xml version="1.0" encoding="UTF-8"?>
<!-- Generated by org.testng.reporters.JUnitReportReporter -->
<testsuite hostname="DESKTOP-JK9M2LI" failures="0" tests="1" name="TestScript.TC001" time="52.121" errors="0" timestamp="16 Mar 2023 05:12:57 GMT">
  <testcase classname="TestScript.TC001" name="tc001" time="52.121"/>
</testsuite> <!-- TestScript.TC001 -->
