<?xml version="1.0" encoding="UTF-8"?>
<!-- Generated by org.testng.reporters.JUnitReportReporter -->
<testsuite hostname="DESKTOP-JK9M2LI" failures="0" tests="1" name="TestScript.TC000" time="21.822" errors="0" timestamp="8 Feb 2023 16:54:30 GMT">
  <testcase classname="TestScript.TC000" name="tc000" time="21.822"/>
</testsuite> <!-- TestScript.TC000 -->
